<?xml version="1.0" encoding="UTF-8"?>
<testsuite name="com.example.intercam.ServiceTest.VideoListServiceTest" tests="1" skipped="0" failures="0" errors="0" timestamp="2021-03-02T09:26:10" hostname="A03" time="0.11">
  <properties/>
  <testcase name="getAllList()" classname="com.example.intercam.ServiceTest.VideoListServiceTest" time="0.11"/>
  <system-out><![CDATA[18:26:05.322 [Test worker] DEBUG org.springframework.test.context.BootstrapUtils - Instantiating CacheAwareContextLoaderDelegate from class [org.springframework.test.context.cache.DefaultCacheAwareContextLoaderDelegate]
18:26:05.330 [Test worker] DEBUG org.springframework.test.context.BootstrapUtils - Instantiating BootstrapContext using constructor [public org.springframework.test.context.support.DefaultBootstrapContext(java.lang.Class,org.springframework.test.context.CacheAwareContextLoaderDelegate)]
18:26:05.346 [Test worker] DEBUG org.springframework.test.context.BootstrapUtils - Instantiating TestContextBootstrapper for test class [com.example.intercam.ServiceTest.VideoListServiceTest] from class [org.springframework.boot.test.context.SpringBootTestContextBootstrapper]
18:26:05.355 [Test worker] INFO org.springframework.boot.test.context.SpringBootTestContextBootstrapper - Neither @ContextConfiguration nor @ContextHierarchy found for test class [com.example.intercam.ServiceTest.VideoListServiceTest], using SpringBootContextLoader
18:26:05.359 [Test worker] DEBUG org.springframework.test.context.support.AbstractContextLoader - Did not detect default resource location for test class [com.example.intercam.ServiceTest.VideoListServiceTest]: class path resource [com/example/intercam/ServiceTest/VideoListServiceTest-context.xml] does not exist
18:26:05.359 [Test worker] DEBUG org.springframework.test.context.support.AbstractContextLoader - Did not detect default resource location for test class [com.example.intercam.ServiceTest.VideoListServiceTest]: class path resource [com/example/intercam/ServiceTest/VideoListServiceTestContext.groovy] does not exist
18:26:05.359 [Test worker] INFO org.springframework.test.context.support.AbstractContextLoader - Could not detect default resource locations for test class [com.example.intercam.ServiceTest.VideoListServiceTest]: no resource found for suffixes {-context.xml, Context.groovy}.
18:26:05.359 [Test worker] INFO org.springframework.test.context.support.AnnotationConfigContextLoaderUtils - Could not detect default configuration classes for test class [com.example.intercam.ServiceTest.VideoListServiceTest]: VideoListServiceTest does not declare any static, non-private, non-final, nested classes annotated with @Configuration.
18:26:05.390 [Test worker] DEBUG org.springframework.test.context.support.ActiveProfilesUtils - Could not find an 'annotation declaring class' for annotation type [org.springframework.test.context.ActiveProfiles] and class [com.example.intercam.ServiceTest.VideoListServiceTest]
18:26:05.435 [Test worker] DEBUG org.springframework.context.annotation.ClassPathScanningCandidateComponentProvider - Identified candidate component class: file [D:\2020_web_jsh\03.web_myworkspace\InterCam-main\build\classes\java\main\com\example\intercam\IntercamApplication.class]
18:26:05.437 [Test worker] INFO org.springframework.boot.test.context.SpringBootTestContextBootstrapper - Found @SpringBootConfiguration com.example.intercam.IntercamApplication for test class com.example.intercam.ServiceTest.VideoListServiceTest
18:26:05.510 [Test worker] DEBUG org.springframework.boot.test.context.SpringBootTestContextBootstrapper - @TestExecutionListeners is not present for class [com.example.intercam.ServiceTest.VideoListServiceTest]: using defaults.
18:26:05.510 [Test worker] INFO org.springframework.boot.test.context.SpringBootTestContextBootstrapper - Loaded default TestExecutionListener class names from location [META-INF/spring.factories]: [org.springframework.security.test.context.support.WithSecurityContextTestExecutionListener, org.springframework.security.test.context.support.ReactorContextTestExecutionListener, org.springframework.boot.test.autoconfigure.restdocs.RestDocsTestExecutionListener, org.springframework.boot.test.autoconfigure.web.client.MockRestServiceServerResetTestExecutionListener, org.springframework.boot.test.autoconfigure.web.servlet.MockMvcPrintOnlyOnFailureTestExecutionListener, org.springframework.boot.test.autoconfigure.web.servlet.WebDriverTestExecutionListener, org.springframework.boot.test.autoconfigure.webservices.client.MockWebServiceServerTestExecutionListener, org.springframework.boot.test.mock.mockito.MockitoTestExecutionListener, org.springframework.boot.test.mock.mockito.ResetMocksTestExecutionListener, org.springframework.test.context.web.ServletTestExecutionListener, org.springframework.test.context.support.DirtiesContextBeforeModesTestExecutionListener, org.springframework.test.context.event.ApplicationEventsTestExecutionListener, org.springframework.test.context.support.DependencyInjectionTestExecutionListener, org.springframework.test.context.support.DirtiesContextTestExecutionListener, org.springframework.test.context.transaction.TransactionalTestExecutionListener, org.springframework.test.context.jdbc.SqlScriptsTestExecutionListener, org.springframework.test.context.event.EventPublishingTestExecutionListener]
18:26:05.523 [Test worker] INFO org.springframework.boot.test.context.SpringBootTestContextBootstrapper - Using TestExecutionListeners: [org.springframework.test.context.web.ServletTestExecutionListener@1a110947, org.springframework.test.context.support.DirtiesContextBeforeModesTestExecutionListener@4655bba4, org.springframework.test.context.event.ApplicationEventsTestExecutionListener@54fedce9, org.springframework.boot.test.mock.mockito.MockitoTestExecutionListener@41ba0a0a, org.springframework.boot.test.autoconfigure.SpringBootDependencyInjectionTestExecutionListener@53f3784b, org.springframework.test.context.support.DirtiesContextTestExecutionListener@3890710a, org.springframework.test.context.transaction.TransactionalTestExecutionListener@1a2bfb65, org.springframework.test.context.jdbc.SqlScriptsTestExecutionListener@bd05870, org.springframework.security.test.context.support.WithSecurityContextTestExecutionListener@43a95861, org.springframework.test.context.event.EventPublishingTestExecutionListener@780a793f, org.springframework.security.test.context.support.ReactorContextTestExecutionListener@3d3f5588, org.springframework.boot.test.autoconfigure.restdocs.RestDocsTestExecutionListener@34258987, org.springframework.boot.test.autoconfigure.web.client.MockRestServiceServerResetTestExecutionListener@3dc6a532, org.springframework.boot.test.autoconfigure.web.servlet.MockMvcPrintOnlyOnFailureTestExecutionListener@162ee034, org.springframework.boot.test.autoconfigure.web.servlet.WebDriverTestExecutionListener@51fa646c, org.springframework.boot.test.autoconfigure.webservices.client.MockWebServiceServerTestExecutionListener@490bb665, org.springframework.boot.test.mock.mockito.ResetMocksTestExecutionListener@41ec7543]
18:26:05.544 [Test worker] DEBUG org.springframework.test.context.support.TestPropertySourceUtils - Adding inlined properties to environment: {spring.jmx.enabled=false, org.springframework.boot.test.context.SpringBootTestContextBootstrapper=true}

  .   ____          _            __ _ _
 /\\ / ___'_ __ _ _(_)_ __  __ _ \ \ \ \
( ( )\___ | '_ | '_| | '_ \/ _` | \ \ \ \
 \\/  ___)| |_)| | | | | || (_| |  ) ) ) )
  '  |____| .__|_| |_|_| |_\__, | / / / /
 =========|_|==============|___/=/_/_/_/
 :: Spring Boot ::                (v2.4.2)

2021-03-02 18:26:05.733  INFO 9120 --- [    Test worker] c.e.i.ServiceTest.VideoListServiceTest   : Starting VideoListServiceTest using Java 11.0.9 on A03 with PID 9120 (started by User in D:\2020_web_jsh\03.web_myworkspace\InterCam-main)
2021-03-02 18:26:05.733  INFO 9120 --- [    Test worker] c.e.i.ServiceTest.VideoListServiceTest   : The following profiles are active: test
2021-03-02 18:26:06.452  INFO 9120 --- [    Test worker] .s.d.r.c.RepositoryConfigurationDelegate : Bootstrapping Spring Data JPA repositories in DEFAULT mode.
2021-03-02 18:26:06.516  INFO 9120 --- [    Test worker] .s.d.r.c.RepositoryConfigurationDelegate : Finished Spring Data repository scanning in 59 ms. Found 8 JPA repository interfaces.
2021-03-02 18:26:06.978  INFO 9120 --- [    Test worker] o.hibernate.jpa.internal.util.LogHelper  : HHH000204: Processing PersistenceUnitInfo [name: default]
2021-03-02 18:26:07.019  INFO 9120 --- [    Test worker] org.hibernate.Version                    : HHH000412: Hibernate ORM core version 5.4.27.Final
2021-03-02 18:26:07.134  INFO 9120 --- [    Test worker] o.hibernate.annotations.common.Version   : HCANN000001: Hibernate Commons Annotations {5.1.2.Final}
2021-03-02 18:26:07.224  INFO 9120 --- [    Test worker] com.zaxxer.hikari.HikariDataSource       : HikariPool-1 - Starting...
2021-03-02 18:26:07.372  INFO 9120 --- [    Test worker] com.zaxxer.hikari.HikariDataSource       : HikariPool-1 - Start completed.
2021-03-02 18:26:07.397  INFO 9120 --- [    Test worker] org.hibernate.dialect.Dialect            : HHH000400: Using dialect: org.hibernate.dialect.MySQL55Dialect
2021-03-02 18:26:07.971  INFO 9120 --- [    Test worker] org.hibernate.tuple.PojoInstantiator     : HHH000182: No default (no-argument) constructor for class: com.example.intercam.Sample.Files_replace (class must be instantiated by Interceptor)
2021-03-02 18:26:08.272  INFO 9120 --- [    Test worker] o.h.e.t.j.p.i.JtaPlatformInitiator       : HHH000490: Using JtaPlatform implementation: [org.hibernate.engine.transaction.jta.platform.internal.NoJtaPlatform]
2021-03-02 18:26:08.279  INFO 9120 --- [    Test worker] j.LocalContainerEntityManagerFactoryBean : Initialized JPA EntityManagerFactory for persistence unit 'default'
2021-03-02 18:26:08.652  WARN 9120 --- [    Test worker] JpaBaseConfiguration$JpaWebConfiguration : spring.jpa.open-in-view is enabled by default. Therefore, database queries may be performed during view rendering. Explicitly configure spring.jpa.open-in-view to disable this warning
2021-03-02 18:26:08.981  INFO 9120 --- [    Test worker] o.s.s.web.DefaultSecurityFilterChain     : Will secure any request with [org.springframework.security.web.context.request.async.WebAsyncManagerIntegrationFilter@6d5e8d25, org.springframework.security.web.context.SecurityContextPersistenceFilter@3bf55c37, org.springframework.security.web.authentication.logout.LogoutFilter@410631ce, org.springframework.security.web.authentication.UsernamePasswordAuthenticationFilter@3c79779d, org.springframework.security.web.savedrequest.RequestCacheAwareFilter@5502b3ac, org.springframework.security.web.servletapi.SecurityContextHolderAwareRequestFilter@1dd100ee, org.springframework.security.web.authentication.rememberme.RememberMeAuthenticationFilter@13609a2f, org.springframework.security.web.authentication.AnonymousAuthenticationFilter@254afdc5, org.springframework.security.web.session.SessionManagementFilter@375c69f8, org.springframework.security.web.access.ExceptionTranslationFilter@362cf22e, org.springframework.security.web.access.intercept.FilterSecurityInterceptor@4ea4ea4]
2021-03-02 18:26:09.284  INFO 9120 --- [    Test worker] o.s.s.concurrent.ThreadPoolTaskExecutor  : Initializing ExecutorService 'applicationTaskExecutor'
2021-03-02 18:26:09.373  INFO 9120 --- [    Test worker] o.s.b.a.w.s.WelcomePageHandlerMapping    : Adding welcome page template: index
2021-03-02 18:26:09.650  INFO 9120 --- [    Test worker] c.e.i.ServiceTest.VideoListServiceTest   : Started VideoListServiceTest in 4.1 seconds (JVM running for 5.08)
Hibernate: 
    insert 
    into
        faq
        (contents, title) 
    values
        (?, ?)
Hibernate: 
    insert 
    into
        faq
        (contents, title) 
    values
        (?, ?)
Hibernate: 
    insert 
    into
        faq
        (contents, title) 
    values
        (?, ?)
Hibernate: 
    insert 
    into
        faq
        (contents, title) 
    values
        (?, ?)
Hibernate: 
    insert 
    into
        faq
        (contents, title) 
    values
        (?, ?)
Hibernate: 
    insert 
    into
        faq
        (contents, title) 
    values
        (?, ?)
Hibernate: 
    insert 
    into
        faq
        (contents, title) 
    values
        (?, ?)
Hibernate: 
    insert 
    into
        faq
        (contents, title) 
    values
        (?, ?)
Hibernate: 
    insert 
    into
        faq
        (contents, title) 
    values
        (?, ?)
Hibernate: 
    insert 
    into
        faq
        (contents, title) 
    values
        (?, ?)
Hibernate: 
    insert 
    into
        faq
        (contents, title) 
    values
        (?, ?)
Hibernate: 
    insert 
    into
        notice
        (content, title, views) 
    values
        (?, ?, ?)
Hibernate: 
    insert 
    into
        notice
        (content, title, views) 
    values
        (?, ?, ?)
Hibernate: 
    insert 
    into
        notice
        (content, title, views) 
    values
        (?, ?, ?)
Hibernate: 
    insert 
    into
        notice
        (content, title, views) 
    values
        (?, ?, ?)
Hibernate: 
    insert 
    into
        notice
        (content, title, views) 
    values
        (?, ?, ?)
Hibernate: 
    insert 
    into
        notice
        (content, title, views) 
    values
        (?, ?, ?)
Hibernate: 
    insert 
    into
        notice
        (content, title, views) 
    values
        (?, ?, ?)
Hibernate: 
    insert 
    into
        notice
        (content, title, views) 
    values
        (?, ?, ?)
Hibernate: 
    insert 
    into
        notice
        (content, title, views) 
    values
        (?, ?, ?)
Hibernate: 
    insert 
    into
        notice
        (content, title, views) 
    values
        (?, ?, ?)
Hibernate: 
    insert 
    into
        notice
        (content, title, views) 
    values
        (?, ?, ?)
Hibernate: 
    insert 
    into
        notice
        (content, title, views) 
    values
        (?, ?, ?)
Hibernate: 
    insert 
    into
        notice
        (content, title, views) 
    values
        (?, ?, ?)
Hibernate: 
    insert 
    into
        notice
        (content, title, views) 
    values
        (?, ?, ?)
Hibernate: 
    insert 
    into
        notice
        (content, title, views) 
    values
        (?, ?, ?)
Hibernate: 
    insert 
    into
        notice
        (content, title, views) 
    values
        (?, ?, ?)
Hibernate: 
    insert 
    into
        notice
        (content, title, views) 
    values
        (?, ?, ?)
Hibernate: 
    insert 
    into
        notice
        (content, title, views) 
    values
        (?, ?, ?)
Hibernate: 
    insert 
    into
        notice
        (content, title, views) 
    values
        (?, ?, ?)
Hibernate: 
    insert 
    into
        notice
        (content, title, views) 
    values
        (?, ?, ?)
Hibernate: 
    insert 
    into
        notice
        (content, title, views) 
    values
        (?, ?, ?)
Hibernate: 
    insert 
    into
        notice
        (content, title, views) 
    values
        (?, ?, ?)
Hibernate: 
    insert 
    into
        notice
        (content, title, views) 
    values
        (?, ?, ?)
Hibernate: 
    insert 
    into
        notice
        (content, title, views) 
    values
        (?, ?, ?)
Hibernate: 
    insert 
    into
        notice
        (content, title, views) 
    values
        (?, ?, ?)
Hibernate: 
    insert 
    into
        notice
        (content, title, views) 
    values
        (?, ?, ?)
Hibernate: 
    insert 
    into
        notice
        (content, title, views) 
    values
        (?, ?, ?)
Hibernate: 
    insert 
    into
        notice
        (content, title, views) 
    values
        (?, ?, ?)
Hibernate: 
    insert 
    into
        notice
        (content, title, views) 
    values
        (?, ?, ?)
Hibernate: 
    insert 
    into
        notice
        (content, title, views) 
    values
        (?, ?, ?)
Hibernate: 
    insert 
    into
        notice
        (content, title, views) 
    values
        (?, ?, ?)
Hibernate: 
    insert 
    into
        notice
        (content, title, views) 
    values
        (?, ?, ?)
Hibernate: 
    insert 
    into
        notice
        (content, title, views) 
    values
        (?, ?, ?)
Hibernate: 
    insert 
    into
        notice
        (content, title, views) 
    values
        (?, ?, ?)
Hibernate: 
    insert 
    into
        notice
        (content, title, views) 
    values
        (?, ?, ?)
Hibernate: 
    insert 
    into
        notice
        (content, title, views) 
    values
        (?, ?, ?)
Hibernate: 
    insert 
    into
        notice
        (content, title, views) 
    values
        (?, ?, ?)
Hibernate: 
    insert 
    into
        notice
        (content, title, views) 
    values
        (?, ?, ?)
Hibernate: 
    insert 
    into
        notice
        (content, title, views) 
    values
        (?, ?, ?)
Hibernate: 
    insert 
    into
        notice
        (content, title, views) 
    values
        (?, ?, ?)
Hibernate: 
    insert 
    into
        notice
        (content, title, views) 
    values
        (?, ?, ?)
Hibernate: 
    insert 
    into
        notice
        (content, title, views) 
    values
        (?, ?, ?)
Hibernate: 
    insert 
    into
        notice
        (content, title, views) 
    values
        (?, ?, ?)
Hibernate: 
    insert 
    into
        notice
        (content, title, views) 
    values
        (?, ?, ?)
Hibernate: 
    insert 
    into
        notice
        (content, title, views) 
    values
        (?, ?, ?)
Hibernate: 
    insert 
    into
        notice
        (content, title, views) 
    values
        (?, ?, ?)
Hibernate: 
    insert 
    into
        notice
        (content, title, views) 
    values
        (?, ?, ?)
Hibernate: 
    insert 
    into
        notice
        (content, title, views) 
    values
        (?, ?, ?)
Hibernate: 
    insert 
    into
        notice
        (content, title, views) 
    values
        (?, ?, ?)
Hibernate: 
    insert 
    into
        notice
        (content, title, views) 
    values
        (?, ?, ?)
Hibernate: 
    insert 
    into
        notice
        (content, title, views) 
    values
        (?, ?, ?)
Hibernate: 
    insert 
    into
        notice
        (content, title, views) 
    values
        (?, ?, ?)
Hibernate: 
    insert 
    into
        notice
        (content, title, views) 
    values
        (?, ?, ?)
Hibernate: 
    insert 
    into
        notice
        (content, title, views) 
    values
        (?, ?, ?)
Hibernate: 
    insert 
    into
        notice
        (content, title, views) 
    values
        (?, ?, ?)
Hibernate: 
    insert 
    into
        notice
        (content, title, views) 
    values
        (?, ?, ?)
Hibernate: 
    insert 
    into
        notice
        (content, title, views) 
    values
        (?, ?, ?)
Hibernate: 
    insert 
    into
        notice
        (content, title, views) 
    values
        (?, ?, ?)
Hibernate: 
    insert 
    into
        notice
        (content, title, views) 
    values
        (?, ?, ?)
Hibernate: 
    insert 
    into
        notice
        (content, title, views) 
    values
        (?, ?, ?)
Hibernate: 
    insert 
    into
        notice
        (content, title, views) 
    values
        (?, ?, ?)
Hibernate: 
    insert 
    into
        notice
        (content, title, views) 
    values
        (?, ?, ?)
Hibernate: 
    insert 
    into
        notice
        (content, title, views) 
    values
        (?, ?, ?)
Hibernate: 
    insert 
    into
        notice
        (content, title, views) 
    values
        (?, ?, ?)
Hibernate: 
    insert 
    into
        notice
        (content, title, views) 
    values
        (?, ?, ?)
Hibernate: 
    insert 
    into
        notice
        (content, title, views) 
    values
        (?, ?, ?)
Hibernate: 
    insert 
    into
        notice
        (content, title, views) 
    values
        (?, ?, ?)
Hibernate: 
    insert 
    into
        notice
        (content, title, views) 
    values
        (?, ?, ?)
Hibernate: 
    insert 
    into
        notice
        (content, title, views) 
    values
        (?, ?, ?)
Hibernate: 
    insert 
    into
        notice
        (content, title, views) 
    values
        (?, ?, ?)
Hibernate: 
    insert 
    into
        notice
        (content, title, views) 
    values
        (?, ?, ?)
Hibernate: 
    insert 
    into
        notice
        (content, title, views) 
    values
        (?, ?, ?)
Hibernate: 
    insert 
    into
        notice
        (content, title, views) 
    values
        (?, ?, ?)
Hibernate: 
    insert 
    into
        notice
        (content, title, views) 
    values
        (?, ?, ?)
Hibernate: 
    insert 
    into
        notice
        (content, title, views) 
    values
        (?, ?, ?)
Hibernate: 
    insert 
    into
        notice
        (content, title, views) 
    values
        (?, ?, ?)
Hibernate: 
    insert 
    into
        notice
        (content, title, views) 
    values
        (?, ?, ?)
Hibernate: 
    insert 
    into
        notice
        (content, title, views) 
    values
        (?, ?, ?)
Hibernate: 
    insert 
    into
        notice
        (content, title, views) 
    values
        (?, ?, ?)
Hibernate: 
    insert 
    into
        notice
        (content, title, views) 
    values
        (?, ?, ?)
Hibernate: 
    insert 
    into
        notice
        (content, title, views) 
    values
        (?, ?, ?)
Hibernate: 
    insert 
    into
        notice
        (content, title, views) 
    values
        (?, ?, ?)
Hibernate: 
    insert 
    into
        notice
        (content, title, views) 
    values
        (?, ?, ?)
Hibernate: 
    insert 
    into
        notice
        (content, title, views) 
    values
        (?, ?, ?)
Hibernate: 
    insert 
    into
        notice
        (content, title, views) 
    values
        (?, ?, ?)
Hibernate: 
    insert 
    into
        notice
        (content, title, views) 
    values
        (?, ?, ?)
Hibernate: 
    insert 
    into
        notice
        (content, title, views) 
    values
        (?, ?, ?)
Hibernate: 
    insert 
    into
        notice
        (content, title, views) 
    values
        (?, ?, ?)
Hibernate: 
    insert 
    into
        notice
        (content, title, views) 
    values
        (?, ?, ?)
Hibernate: 
    insert 
    into
        notice
        (content, title, views) 
    values
        (?, ?, ?)
Hibernate: 
    insert 
    into
        notice
        (content, title, views) 
    values
        (?, ?, ?)
Hibernate: 
    insert 
    into
        notice
        (content, title, views) 
    values
        (?, ?, ?)
Hibernate: 
    insert 
    into
        notice
        (content, title, views) 
    values
        (?, ?, ?)
Hibernate: 
    insert 
    into
        notice
        (content, title, views) 
    values
        (?, ?, ?)
Hibernate: 
    insert 
    into
        notice
        (content, title, views) 
    values
        (?, ?, ?)
Hibernate: 
    insert 
    into
        notice
        (content, title, views) 
    values
        (?, ?, ?)
Hibernate: 
    insert 
    into
        notice
        (content, title, views) 
    values
        (?, ?, ?)
Hibernate: 
    insert 
    into
        notice
        (content, title, views) 
    values
        (?, ?, ?)
Hibernate: 
    insert 
    into
        notice
        (content, title, views) 
    values
        (?, ?, ?)
Hibernate: 
    insert 
    into
        notice
        (content, title, views) 
    values
        (?, ?, ?)
Hibernate: 
    insert 
    into
        video
        (list_id, title, url) 
    values
        (?, ?, ?)
Hibernate: 
    select
        video0_.video_id as video_id1_8_0_,
        video0_.list_id as list_id4_8_0_,
        video0_.title as title2_8_0_,
        video0_.url as url3_8_0_,
        videolist1_.list_id as list_id1_9_1_,
        videolist1_.avg_score as avg_scor2_9_1_,
        videolist1_.major as major3_9_1_,
        videolist1_.user_id as user_id5_9_1_,
        videolist1_.video_id as video_id6_9_1_,
        videolist1_.views as views4_9_1_,
        video2_.video_id as video_id1_8_2_,
        video2_.list_id as list_id4_8_2_,
        video2_.title as title2_8_2_,
        video2_.url as url3_8_2_ 
    from
        video video0_ 
    left outer join
        video_list videolist1_ 
            on video0_.list_id=videolist1_.list_id 
    left outer join
        video video2_ 
            on videolist1_.video_id=video2_.video_id 
    where
        video0_.video_id=?
Hibernate: 
    select
        user0_.user_id as user_id1_7_0_,
        user0_.create_date as create_d2_7_0_,
        user0_.modified_date as modified3_7_0_,
        user0_.auth as auth4_7_0_,
        user0_.birth as birth5_7_0_,
        user0_.major_id as major_i10_7_0_,
        user0_.name as name6_7_0_,
        user0_.password as password7_7_0_,
        user0_.phone as phone8_7_0_,
        user0_.username as username9_7_0_,
        user0_.contents as contents1_0_0_,
        user0_.img as img2_0_0_,
        user0_.clazz_ as clazz_0_,
        major1_.major_id as major_id1_4_1_,
        major1_.name1 as name2_4_1_,
        major1_.name2 as name3_4_1_,
        major1_.name3 as name4_4_1_ 
    from
        ( select
            user_id,
            create_date,
            modified_date,
            auth,
            birth,
            name,
            password,
            phone,
            username,
            major_id,
            null as contents,
            null as img,
            0 as clazz_ 
        from
            user 
        union
        all select
            user_id,
            create_date,
            modified_date,
            auth,
            birth,
            name,
            password,
            phone,
            username,
            major_id,
            contents,
            img,
            1 as clazz_ 
        from
            analyst 
    ) user0_ 
left outer join
    major major1_ 
        on user0_.major_id=major1_.major_id 
where
    user0_.user_id=?
Hibernate: 
    insert 
    into
        video_list
        (avg_score, major, user_id, video_id, views) 
    values
        (?, ?, ?, ?, ?)
Hibernate: 
    insert 
    into
        video_list
        (avg_score, major, user_id, video_id, views) 
    values
        (?, ?, ?, ?, ?)
Hibernate: 
    insert 
    into
        video_list
        (avg_score, major, user_id, video_id, views) 
    values
        (?, ?, ?, ?, ?)
Hibernate: 
    insert 
    into
        video_list
        (avg_score, major, user_id, video_id, views) 
    values
        (?, ?, ?, ?, ?)
Hibernate: 
    insert 
    into
        video_list
        (avg_score, major, user_id, video_id, views) 
    values
        (?, ?, ?, ?, ?)
2021-03-02 18:26:10.055  INFO 9120 --- [    Test worker] o.s.t.c.transaction.TransactionContext   : Began transaction (1) for test context [DefaultTestContext@5e059356 testClass = VideoListServiceTest, testInstance = com.example.intercam.ServiceTest.VideoListServiceTest@333f323, testMethod = getAllList@VideoListServiceTest, testException = [null], mergedContextConfiguration = [WebMergedContextConfiguration@e1c857 testClass = VideoListServiceTest, locations = '{}', classes = '{class com.example.intercam.IntercamApplication}', contextInitializerClasses = '[]', activeProfiles = '{}', propertySourceLocations = '{}', propertySourceProperties = '{org.springframework.boot.test.context.SpringBootTestContextBootstrapper=true}', contextCustomizers = set[org.springframework.boot.test.autoconfigure.actuate.metrics.MetricsExportContextCustomizerFactory$DisableMetricExportContextCustomizer@119ea304, org.springframework.boot.test.autoconfigure.properties.PropertyMappingContextCustomizer@0, org.springframework.boot.test.autoconfigure.web.servlet.WebDriverContextCustomizerFactory$Customizer@33751927, org.springframework.boot.test.context.filter.ExcludeFilterContextCustomizer@52a55c1d, org.springframework.boot.test.json.DuplicateJsonObjectContextCustomizerFactory$DuplicateJsonObjectContextCustomizer@37cbb944, org.springframework.boot.test.mock.mockito.MockitoContextCustomizer@0, org.springframework.boot.test.web.client.TestRestTemplateContextCustomizer@4c15bfa3, org.springframework.boot.test.context.SpringBootTestArgs@1, org.springframework.boot.test.context.SpringBootTestWebEnvironment@792137ac], resourceBasePath = 'src/main/webapp', contextLoader = 'org.springframework.boot.test.context.SpringBootContextLoader', parent = [null]], attributes = map['org.springframework.test.context.web.ServletTestExecutionListener.activateListener' -> true, 'org.springframework.test.context.web.ServletTestExecutionListener.populatedRequestContextHolder' -> true, 'org.springframework.test.context.web.ServletTestExecutionListener.resetRequestContextHolder' -> true, 'org.springframework.test.context.event.ApplicationEventsTestExecutionListener.recordApplicationEvents' -> false]]; transaction manager [org.springframework.orm.jpa.JpaTransactionManager@49ba8665]; rollback [true]
Hibernate: 
    select
        videolist0_.list_id as list_id1_9_0_,
        videolist0_.avg_score as avg_scor2_9_0_,
        videolist0_.major as major3_9_0_,
        videolist0_.user_id as user_id5_9_0_,
        videolist0_.video_id as video_id6_9_0_,
        videolist0_.views as views4_9_0_,
        video1_.video_id as video_id1_8_1_,
        video1_.list_id as list_id4_8_1_,
        video1_.title as title2_8_1_,
        video1_.url as url3_8_1_,
        videolist2_.list_id as list_id1_9_2_,
        videolist2_.avg_score as avg_scor2_9_2_,
        videolist2_.major as major3_9_2_,
        videolist2_.user_id as user_id5_9_2_,
        videolist2_.video_id as video_id6_9_2_,
        videolist2_.views as views4_9_2_ 
    from
        video_list videolist0_ 
    left outer join
        video video1_ 
            on videolist0_.video_id=video1_.video_id 
    left outer join
        video_list videolist2_ 
            on video1_.list_id=videolist2_.list_id 
    where
        videolist0_.list_id=?
Hibernate: 
    select
        user0_.user_id as user_id1_7_0_,
        user0_.create_date as create_d2_7_0_,
        user0_.modified_date as modified3_7_0_,
        user0_.auth as auth4_7_0_,
        user0_.birth as birth5_7_0_,
        user0_.major_id as major_i10_7_0_,
        user0_.name as name6_7_0_,
        user0_.password as password7_7_0_,
        user0_.phone as phone8_7_0_,
        user0_.username as username9_7_0_,
        user0_.contents as contents1_0_0_,
        user0_.img as img2_0_0_,
        user0_.clazz_ as clazz_0_,
        major1_.major_id as major_id1_4_1_,
        major1_.name1 as name2_4_1_,
        major1_.name2 as name3_4_1_,
        major1_.name3 as name4_4_1_ 
    from
        ( select
            user_id,
            create_date,
            modified_date,
            auth,
            birth,
            name,
            password,
            phone,
            username,
            major_id,
            null as contents,
            null as img,
            0 as clazz_ 
        from
            user 
        union
        all select
            user_id,
            create_date,
            modified_date,
            auth,
            birth,
            name,
            password,
            phone,
            username,
            major_id,
            contents,
            img,
            1 as clazz_ 
        from
            analyst 
    ) user0_ 
left outer join
    major major1_ 
        on user0_.major_id=major1_.major_id 
where
    user0_.user_id=?
aaaaa
2021-03-02 18:26:10.155  INFO 9120 --- [    Test worker] o.s.t.c.transaction.TransactionContext   : Rolled back transaction for test: [DefaultTestContext@5e059356 testClass = VideoListServiceTest, testInstance = com.example.intercam.ServiceTest.VideoListServiceTest@333f323, testMethod = getAllList@VideoListServiceTest, testException = [null], mergedContextConfiguration = [WebMergedContextConfiguration@e1c857 testClass = VideoListServiceTest, locations = '{}', classes = '{class com.example.intercam.IntercamApplication}', contextInitializerClasses = '[]', activeProfiles = '{}', propertySourceLocations = '{}', propertySourceProperties = '{org.springframework.boot.test.context.SpringBootTestContextBootstrapper=true}', contextCustomizers = set[org.springframework.boot.test.autoconfigure.actuate.metrics.MetricsExportContextCustomizerFactory$DisableMetricExportContextCustomizer@119ea304, org.springframework.boot.test.autoconfigure.properties.PropertyMappingContextCustomizer@0, org.springframework.boot.test.autoconfigure.web.servlet.WebDriverContextCustomizerFactory$Customizer@33751927, org.springframework.boot.test.context.filter.ExcludeFilterContextCustomizer@52a55c1d, org.springframework.boot.test.json.DuplicateJsonObjectContextCustomizerFactory$DuplicateJsonObjectContextCustomizer@37cbb944, org.springframework.boot.test.mock.mockito.MockitoContextCustomizer@0, org.springframework.boot.test.web.client.TestRestTemplateContextCustomizer@4c15bfa3, org.springframework.boot.test.context.SpringBootTestArgs@1, org.springframework.boot.test.context.SpringBootTestWebEnvironment@792137ac], resourceBasePath = 'src/main/webapp', contextLoader = 'org.springframework.boot.test.context.SpringBootContextLoader', parent = [null]], attributes = map['org.springframework.test.context.web.ServletTestExecutionListener.activateListener' -> true, 'org.springframework.test.context.web.ServletTestExecutionListener.populatedRequestContextHolder' -> true, 'org.springframework.test.context.web.ServletTestExecutionListener.resetRequestContextHolder' -> true, 'org.springframework.test.context.event.ApplicationEventsTestExecutionListener.recordApplicationEvents' -> false]]
]]></system-out>
  <system-err><![CDATA[]]></system-err>
</testsuite>
